<?xml version="1.0" encoding="UTF-8"?>
<!-- Generated by org.testng.reporters.JUnitXMLReporter -->
<testsuite hostname="HarishGarg" name="Default test" tests="5" failures="0" timestamp="8 May 2019 05:21:34 GMT" time="0.155" errors="0">
  <testcase name="testA" time="0.033" classname="testcases.logintest"/>
  <testcase name="testA" time="0.003" classname="testcases.logintest"/>
  <testcase name="testB" time="0.006" classname="testcases.logintest"/>
  <testcase name="testB" time="0.004" classname="testcases.logintest"/>
  <testcase name="testB" time="0.002" classname="testcases.logintest"/>
</testsuite> <!-- Default test -->
