<?xml version="1.0" encoding="UTF-8"?>
<!-- Generated by org.testng.reporters.JUnitXMLReporter -->
<testsuite hostname="HarishGarg" ignored="0" name="login Login" tests="5" failures="0" timestamp="05 Jun 2019 02:09:38 GMT" time="0.026" errors="0">
  <testcase name="testA" time="0.0" classname="testcases.logintest"/>
  <testcase name="testA" time="0.0" classname="testcases.logintest"/>
  <testcase name="testB" time="0.0" classname="testcases.logintest"/>
  <testcase name="testB" time="0.0" classname="testcases.logintest"/>
  <testcase name="testB" time="0.0" classname="testcases.logintest"/>
</testsuite> <!-- login Login -->
