<?xml version="1.0" encoding="UTF-8"?>
<!-- Generated by org.testng.reporters.JUnitXMLReporter -->
<testsuite hostname="HarishGarg" ignored="0" name="Selling Books" tests="3" failures="0" timestamp="05 Jun 2019 02:09:38 GMT" time="0.034" errors="0">
  <testcase name="loginTest" time="0.0" classname="testcases.testcases"/>
  <testcase name="changePassword" time="0.0" classname="testcases.testcases"/>
  <testcase name="Logout" time="0.0" classname="testcases.testcases"/>
</testsuite> <!-- Selling Books -->
